c:\users\user\downloads\oop\dj_application\builds\visualstudio2019\x64\debug\app\include_juce_audio_utils.obj
c:\users\user\downloads\oop\dj_application\builds\visualstudio2019\x64\debug\app\include_juce_audio_basics.obj
c:\users\user\downloads\oop\dj_application\builds\visualstudio2019\x64\debug\app\include_juce_data_structures.obj
c:\users\user\downloads\oop\dj_application\builds\visualstudio2019\x64\debug\app\include_juce_audio_devices.obj
c:\users\user\downloads\oop\dj_application\builds\visualstudio2019\x64\debug\app\include_juce_gui_basics.obj
c:\users\user\downloads\oop\dj_application\builds\visualstudio2019\x64\debug\app\include_juce_audio_formats.obj
c:\users\user\downloads\oop\dj_application\builds\visualstudio2019\x64\debug\app\include_juce_gui_extra.obj
c:\users\user\downloads\oop\dj_application\builds\visualstudio2019\x64\debug\app\include_juce_core.obj
c:\users\user\downloads\oop\dj_application\builds\visualstudio2019\x64\debug\app\main.obj
c:\users\user\downloads\oop\dj_application\builds\visualstudio2019\x64\debug\app\include_juce_events.obj
c:\users\user\downloads\oop\dj_application\builds\visualstudio2019\x64\debug\app\include_juce_audio_processors.obj
c:\users\user\downloads\oop\dj_application\builds\visualstudio2019\x64\debug\app\maincomponent.obj
c:\users\user\downloads\oop\dj_application\builds\visualstudio2019\x64\debug\app\include_juce_graphics.obj
c:\users\user\downloads\oop\dj_application\builds\visualstudio2019\x64\debug\app\vc142.pdb
c:\users\user\downloads\oop\dj_application\builds\visualstudio2019\x64\debug\app\dj_application.exe
c:\users\user\downloads\oop\dj_application\builds\visualstudio2019\x64\debug\app\dj_application.ilk
c:\users\user\downloads\oop\dj_application\builds\visualstudio2019\x64\debug\app\dj_application.pdb
c:\users\user\downloads\oop\dj_application\builds\visualstudio2019\x64\debug\app\resources.res
c:\users\user\downloads\oop\dj_application\builds\visualstudio2019\x64\debug\app\dj_appli.85b6bf72.tlog\cl.command.1.tlog
c:\users\user\downloads\oop\dj_application\builds\visualstudio2019\x64\debug\app\dj_appli.85b6bf72.tlog\cl.read.1.tlog
c:\users\user\downloads\oop\dj_application\builds\visualstudio2019\x64\debug\app\dj_appli.85b6bf72.tlog\cl.write.1.tlog
c:\users\user\downloads\oop\dj_application\builds\visualstudio2019\x64\debug\app\dj_appli.85b6bf72.tlog\link.command.1.tlog
c:\users\user\downloads\oop\dj_application\builds\visualstudio2019\x64\debug\app\dj_appli.85b6bf72.tlog\link.read.1.tlog
c:\users\user\downloads\oop\dj_application\builds\visualstudio2019\x64\debug\app\dj_appli.85b6bf72.tlog\link.write.1.tlog
c:\users\user\downloads\oop\dj_application\builds\visualstudio2019\x64\debug\app\dj_appli.85b6bf72.tlog\rc.command.1.tlog
c:\users\user\downloads\oop\dj_application\builds\visualstudio2019\x64\debug\app\dj_appli.85b6bf72.tlog\rc.read.1.tlog
c:\users\user\downloads\oop\dj_application\builds\visualstudio2019\x64\debug\app\dj_appli.85b6bf72.tlog\rc.write.1.tlog
